Copyright 1986-2017 Xilinx, Inc. All Rights Reserved.
-----------------------------------------------------------------------------------------------------------------------------------------------
| Tool Version : Vivado v.2017.4 (win64) Build 2086221 Fri Dec 15 20:55:39 MST 2017
| Date         : Mon Mar  5 12:40:40 2018
| Host         : DESKTOP-DLGSLDO running 64-bit major release  (build 9200)
| Command      : report_methodology -file top_methodology_drc_routed.rpt -pb top_methodology_drc_routed.pb -rpx top_methodology_drc_routed.rpx
| Design       : top
| Device       : xc7a35tcpg236-1
| Speed File   : -1
| Design State : Routed
-----------------------------------------------------------------------------------------------------------------------------------------------

Report Methodology

Table of Contents
-----------------
1. REPORT SUMMARY
2. REPORT DETAILS

1. REPORT SUMMARY
-----------------
            Netlist: netlist
          Floorplan: design_1
      Design limits: <entire design considered>
             Max violations: <unlimited>
             Violations found: 57
+-----------+----------+-------------------------------+------------+
| Rule      | Severity | Description                   | Violations |
+-----------+----------+-------------------------------+------------+
| TIMING-17 | Warning  | Non-clocked sequential cell   | 2          |
| TIMING-18 | Warning  | Missing input or output delay | 1          |
| TIMING-20 | Warning  | Non-clocked latch             | 54         |
+-----------+----------+-------------------------------+------------+

2. REPORT DETAILS
-----------------
TIMING-17#1 Warning
Non-clocked sequential cell  
The clock pin bcd/bcdto7segmentclocked/counter/out_reg[0]/C is not reached by a timing clock
Related violations: <none>

TIMING-17#2 Warning
Non-clocked sequential cell  
The clock pin bcd/bcdto7segmentclocked/counter/out_reg[1]/C is not reached by a timing clock
Related violations: <none>

TIMING-18#1 Warning
Missing input or output delay  
An input delay is missing on reset relative to clock(s) sys_clk_pin
Related violations: <none>

TIMING-20#1 Warning
Non-clocked latch  
The latch alu/ALU/out_reg[0] cannot be properly analyzed as its control pin alu/ALU/out_reg[0]/G is not reached by a timing clock
Related violations: <none>

TIMING-20#2 Warning
Non-clocked latch  
The latch alu/ALU/out_reg[10] cannot be properly analyzed as its control pin alu/ALU/out_reg[10]/G is not reached by a timing clock
Related violations: <none>

TIMING-20#3 Warning
Non-clocked latch  
The latch alu/ALU/out_reg[11] cannot be properly analyzed as its control pin alu/ALU/out_reg[11]/G is not reached by a timing clock
Related violations: <none>

TIMING-20#4 Warning
Non-clocked latch  
The latch alu/ALU/out_reg[12] cannot be properly analyzed as its control pin alu/ALU/out_reg[12]/G is not reached by a timing clock
Related violations: <none>

TIMING-20#5 Warning
Non-clocked latch  
The latch alu/ALU/out_reg[13] cannot be properly analyzed as its control pin alu/ALU/out_reg[13]/G is not reached by a timing clock
Related violations: <none>

TIMING-20#6 Warning
Non-clocked latch  
The latch alu/ALU/out_reg[14] cannot be properly analyzed as its control pin alu/ALU/out_reg[14]/G is not reached by a timing clock
Related violations: <none>

TIMING-20#7 Warning
Non-clocked latch  
The latch alu/ALU/out_reg[15] cannot be properly analyzed as its control pin alu/ALU/out_reg[15]/G is not reached by a timing clock
Related violations: <none>

TIMING-20#8 Warning
Non-clocked latch  
The latch alu/ALU/out_reg[1] cannot be properly analyzed as its control pin alu/ALU/out_reg[1]/G is not reached by a timing clock
Related violations: <none>

TIMING-20#9 Warning
Non-clocked latch  
The latch alu/ALU/out_reg[2] cannot be properly analyzed as its control pin alu/ALU/out_reg[2]/G is not reached by a timing clock
Related violations: <none>

TIMING-20#10 Warning
Non-clocked latch  
The latch alu/ALU/out_reg[3] cannot be properly analyzed as its control pin alu/ALU/out_reg[3]/G is not reached by a timing clock
Related violations: <none>

TIMING-20#11 Warning
Non-clocked latch  
The latch alu/ALU/out_reg[4] cannot be properly analyzed as its control pin alu/ALU/out_reg[4]/G is not reached by a timing clock
Related violations: <none>

TIMING-20#12 Warning
Non-clocked latch  
The latch alu/ALU/out_reg[5] cannot be properly analyzed as its control pin alu/ALU/out_reg[5]/G is not reached by a timing clock
Related violations: <none>

TIMING-20#13 Warning
Non-clocked latch  
The latch alu/ALU/out_reg[6] cannot be properly analyzed as its control pin alu/ALU/out_reg[6]/G is not reached by a timing clock
Related violations: <none>

TIMING-20#14 Warning
Non-clocked latch  
The latch alu/ALU/out_reg[7] cannot be properly analyzed as its control pin alu/ALU/out_reg[7]/G is not reached by a timing clock
Related violations: <none>

TIMING-20#15 Warning
Non-clocked latch  
The latch alu/ALU/out_reg[8] cannot be properly analyzed as its control pin alu/ALU/out_reg[8]/G is not reached by a timing clock
Related violations: <none>

TIMING-20#16 Warning
Non-clocked latch  
The latch alu/ALU/out_reg[9] cannot be properly analyzed as its control pin alu/ALU/out_reg[9]/G is not reached by a timing clock
Related violations: <none>

TIMING-20#17 Warning
Non-clocked latch  
The latch alu/my_data/opcode_reg[0] cannot be properly analyzed as its control pin alu/my_data/opcode_reg[0]/G is not reached by a timing clock
Related violations: <none>

TIMING-20#18 Warning
Non-clocked latch  
The latch alu/my_data/opcode_reg[1] cannot be properly analyzed as its control pin alu/my_data/opcode_reg[1]/G is not reached by a timing clock
Related violations: <none>

TIMING-20#19 Warning
Non-clocked latch  
The latch alu/my_data/opcode_reg[2] cannot be properly analyzed as its control pin alu/my_data/opcode_reg[2]/G is not reached by a timing clock
Related violations: <none>

TIMING-20#20 Warning
Non-clocked latch  
The latch alu/my_data/opcode_reg[3] cannot be properly analyzed as its control pin alu/my_data/opcode_reg[3]/G is not reached by a timing clock
Related violations: <none>

TIMING-20#21 Warning
Non-clocked latch  
The latch alu/my_data/opcode_reg[4] cannot be properly analyzed as its control pin alu/my_data/opcode_reg[4]/G is not reached by a timing clock
Related violations: <none>

TIMING-20#22 Warning
Non-clocked latch  
The latch alu/my_data/opcode_reg[5] cannot be properly analyzed as its control pin alu/my_data/opcode_reg[5]/G is not reached by a timing clock
Related violations: <none>

TIMING-20#23 Warning
Non-clocked latch  
The latch alu/my_data/x_reg[0] cannot be properly analyzed as its control pin alu/my_data/x_reg[0]/G is not reached by a timing clock
Related violations: <none>

TIMING-20#24 Warning
Non-clocked latch  
The latch alu/my_data/x_reg[10] cannot be properly analyzed as its control pin alu/my_data/x_reg[10]/G is not reached by a timing clock
Related violations: <none>

TIMING-20#25 Warning
Non-clocked latch  
The latch alu/my_data/x_reg[11] cannot be properly analyzed as its control pin alu/my_data/x_reg[11]/G is not reached by a timing clock
Related violations: <none>

TIMING-20#26 Warning
Non-clocked latch  
The latch alu/my_data/x_reg[12] cannot be properly analyzed as its control pin alu/my_data/x_reg[12]/G is not reached by a timing clock
Related violations: <none>

TIMING-20#27 Warning
Non-clocked latch  
The latch alu/my_data/x_reg[13] cannot be properly analyzed as its control pin alu/my_data/x_reg[13]/G is not reached by a timing clock
Related violations: <none>

TIMING-20#28 Warning
Non-clocked latch  
The latch alu/my_data/x_reg[14] cannot be properly analyzed as its control pin alu/my_data/x_reg[14]/G is not reached by a timing clock
Related violations: <none>

TIMING-20#29 Warning
Non-clocked latch  
The latch alu/my_data/x_reg[15] cannot be properly analyzed as its control pin alu/my_data/x_reg[15]/G is not reached by a timing clock
Related violations: <none>

TIMING-20#30 Warning
Non-clocked latch  
The latch alu/my_data/x_reg[1] cannot be properly analyzed as its control pin alu/my_data/x_reg[1]/G is not reached by a timing clock
Related violations: <none>

TIMING-20#31 Warning
Non-clocked latch  
The latch alu/my_data/x_reg[2] cannot be properly analyzed as its control pin alu/my_data/x_reg[2]/G is not reached by a timing clock
Related violations: <none>

TIMING-20#32 Warning
Non-clocked latch  
The latch alu/my_data/x_reg[3] cannot be properly analyzed as its control pin alu/my_data/x_reg[3]/G is not reached by a timing clock
Related violations: <none>

TIMING-20#33 Warning
Non-clocked latch  
The latch alu/my_data/x_reg[4] cannot be properly analyzed as its control pin alu/my_data/x_reg[4]/G is not reached by a timing clock
Related violations: <none>

TIMING-20#34 Warning
Non-clocked latch  
The latch alu/my_data/x_reg[5] cannot be properly analyzed as its control pin alu/my_data/x_reg[5]/G is not reached by a timing clock
Related violations: <none>

TIMING-20#35 Warning
Non-clocked latch  
The latch alu/my_data/x_reg[6] cannot be properly analyzed as its control pin alu/my_data/x_reg[6]/G is not reached by a timing clock
Related violations: <none>

TIMING-20#36 Warning
Non-clocked latch  
The latch alu/my_data/x_reg[7] cannot be properly analyzed as its control pin alu/my_data/x_reg[7]/G is not reached by a timing clock
Related violations: <none>

TIMING-20#37 Warning
Non-clocked latch  
The latch alu/my_data/x_reg[8] cannot be properly analyzed as its control pin alu/my_data/x_reg[8]/G is not reached by a timing clock
Related violations: <none>

TIMING-20#38 Warning
Non-clocked latch  
The latch alu/my_data/x_reg[9] cannot be properly analyzed as its control pin alu/my_data/x_reg[9]/G is not reached by a timing clock
Related violations: <none>

TIMING-20#39 Warning
Non-clocked latch  
The latch alu/my_data/y_reg[0] cannot be properly analyzed as its control pin alu/my_data/y_reg[0]/G is not reached by a timing clock
Related violations: <none>

TIMING-20#40 Warning
Non-clocked latch  
The latch alu/my_data/y_reg[10] cannot be properly analyzed as its control pin alu/my_data/y_reg[10]/G is not reached by a timing clock
Related violations: <none>

TIMING-20#41 Warning
Non-clocked latch  
The latch alu/my_data/y_reg[11] cannot be properly analyzed as its control pin alu/my_data/y_reg[11]/G is not reached by a timing clock
Related violations: <none>

TIMING-20#42 Warning
Non-clocked latch  
The latch alu/my_data/y_reg[12] cannot be properly analyzed as its control pin alu/my_data/y_reg[12]/G is not reached by a timing clock
Related violations: <none>

TIMING-20#43 Warning
Non-clocked latch  
The latch alu/my_data/y_reg[13] cannot be properly analyzed as its control pin alu/my_data/y_reg[13]/G is not reached by a timing clock
Related violations: <none>

TIMING-20#44 Warning
Non-clocked latch  
The latch alu/my_data/y_reg[14] cannot be properly analyzed as its control pin alu/my_data/y_reg[14]/G is not reached by a timing clock
Related violations: <none>

TIMING-20#45 Warning
Non-clocked latch  
The latch alu/my_data/y_reg[15] cannot be properly analyzed as its control pin alu/my_data/y_reg[15]/G is not reached by a timing clock
Related violations: <none>

TIMING-20#46 Warning
Non-clocked latch  
The latch alu/my_data/y_reg[1] cannot be properly analyzed as its control pin alu/my_data/y_reg[1]/G is not reached by a timing clock
Related violations: <none>

TIMING-20#47 Warning
Non-clocked latch  
The latch alu/my_data/y_reg[2] cannot be properly analyzed as its control pin alu/my_data/y_reg[2]/G is not reached by a timing clock
Related violations: <none>

TIMING-20#48 Warning
Non-clocked latch  
The latch alu/my_data/y_reg[3] cannot be properly analyzed as its control pin alu/my_data/y_reg[3]/G is not reached by a timing clock
Related violations: <none>

TIMING-20#49 Warning
Non-clocked latch  
The latch alu/my_data/y_reg[4] cannot be properly analyzed as its control pin alu/my_data/y_reg[4]/G is not reached by a timing clock
Related violations: <none>

TIMING-20#50 Warning
Non-clocked latch  
The latch alu/my_data/y_reg[5] cannot be properly analyzed as its control pin alu/my_data/y_reg[5]/G is not reached by a timing clock
Related violations: <none>

TIMING-20#51 Warning
Non-clocked latch  
The latch alu/my_data/y_reg[6] cannot be properly analyzed as its control pin alu/my_data/y_reg[6]/G is not reached by a timing clock
Related violations: <none>

TIMING-20#52 Warning
Non-clocked latch  
The latch alu/my_data/y_reg[7] cannot be properly analyzed as its control pin alu/my_data/y_reg[7]/G is not reached by a timing clock
Related violations: <none>

TIMING-20#53 Warning
Non-clocked latch  
The latch alu/my_data/y_reg[8] cannot be properly analyzed as its control pin alu/my_data/y_reg[8]/G is not reached by a timing clock
Related violations: <none>

TIMING-20#54 Warning
Non-clocked latch  
The latch alu/my_data/y_reg[9] cannot be properly analyzed as its control pin alu/my_data/y_reg[9]/G is not reached by a timing clock
Related violations: <none>


